[Wed Jan 14 03:00:01 AM MSK 2026] Начинаю бэкап...
[Wed Jan 14 03:00:01 AM MSK 2026] Бэкап создан: /home/admin/backups/backup_2026-01-14_03-00.sql.gz (1020K)
[Wed Jan 14 03:00:01 AM MSK 2026] Старые бэкапы удалены
[Wed Jan 14 03:00:01 AM MSK 2026] Готово
[Thu Jan 15 03:00:01 AM MSK 2026] Начинаю бэкап...
[Thu Jan 15 03:00:02 AM MSK 2026] Бэкап создан: /home/admin/backups/backup_2026-01-15_03-00.sql.gz (1.1M)
[Thu Jan 15 03:00:02 AM MSK 2026] Старые бэкапы удалены
[Thu Jan 15 03:00:02 AM MSK 2026] Готово
[Fri Jan 16 03:00:01 AM MSK 2026] Начинаю бэкап...
[Fri Jan 16 03:00:04 AM MSK 2026] Бэкап создан: /home/admin/backups/backup_2026-01-16_03-00.sql.gz (15M)
[Fri Jan 16 03:00:04 AM MSK 2026] Старые бэкапы удалены
[Fri Jan 16 03:00:04 AM MSK 2026] Готово
[Sat Jan 17 03:00:01 AM MSK 2026] Начинаю бэкап...
[Sat Jan 17 03:00:04 AM MSK 2026] Бэкап создан: /home/admin/telegram_logger_bot/backups/backup_2026-01-17_03-00.sql.gz (15M)
[Sat Jan 17 03:00:04 AM MSK 2026] Старые бэкапы удалены
[Sat Jan 17 03:00:04 AM MSK 2026] Готово
[Sun Jan 18 03:00:01 AM MSK 2026] Начинаю бэкап...
[Sun Jan 18 03:00:05 AM MSK 2026] Бэкап создан: /home/admin/telegram_logger_bot/backups/backup_2026-01-18_03-00.sql.gz (15M)
[Sun Jan 18 03:00:05 AM MSK 2026] Старые бэкапы удалены
[Sun Jan 18 03:00:05 AM MSK 2026] Готово
[Mon Jan 19 03:00:01 AM MSK 2026] Начинаю бэкап...
[Mon Jan 19 03:00:04 AM MSK 2026] Бэкап создан: /home/admin/telegram_logger_bot/backups/backup_2026-01-19_03-00.sql.gz (15M)
[Mon Jan 19 03:00:04 AM MSK 2026] Старые бэкапы удалены
[Mon Jan 19 03:00:04 AM MSK 2026] Готово
[Tue Jan 20 03:00:01 AM MSK 2026] Начинаю бэкап...
[Tue Jan 20 03:00:04 AM MSK 2026] Бэкап создан: /home/admin/telegram_logger_bot/backups/backup_2026-01-20_03-00.sql.gz (15M)
[Tue Jan 20 03:00:04 AM MSK 2026] Старые бэкапы удалены
[Tue Jan 20 03:00:04 AM MSK 2026] Готово
